[debug] [2020-02-19T10:25:30.998Z] ----------------------------------------------------------------------
[debug] [2020-02-19T10:25:31.002Z] Command:       C:\Program Files\nodejs\node.exe C:\Users\abdallah\AppData\Roaming\npm\node_modules\firebase-tools\lib\bin\firebase.js init
[debug] [2020-02-19T10:25:31.003Z] CLI Version:   7.13.1
[debug] [2020-02-19T10:25:31.003Z] Platform:      win32
[debug] [2020-02-19T10:25:31.003Z] Node Version:  v12.15.0
[debug] [2020-02-19T10:25:31.005Z] Time:          Wed Feb 19 2020 13:25:31 GMT+0300 (East Africa Time)
[debug] [2020-02-19T10:25:31.005Z] ----------------------------------------------------------------------
[debug] [2020-02-19T10:25:31.005Z] 
[debug] [2020-02-19T10:25:31.046Z] > command requires scopes: ["email","openid","https://www.googleapis.com/auth/cloudplatformprojects.readonly","https://www.googleapis.com/auth/firebase","https://www.googleapis.com/auth/cloud-platform"]
[debug] [2020-02-19T10:25:31.048Z] > authorizing via signed-in user
[info] 
     ######## #### ########  ######## ########     ###     ######  ########
     ##        ##  ##     ## ##       ##     ##  ##   ##  ##       ##
     ######    ##  ########  ######   ########  #########  ######  ######
     ##        ##  ##    ##  ##       ##     ## ##     ##       ## ##
     ##       #### ##     ## ######## ########  ##     ##  ######  ########

You're about to initialize a Firebase project in this directory:

  C:\Users\abdallah\online-shop

[info] 
=== Project Setup
[info] 
[info] First, let's associate this project directory with a Firebase project.
[info] You can create multiple project aliases by running firebase use --add, 
[info] but for now we'll just set up a default project.
[info] 
[info] i  If you want to create a project in a Google Cloud organization or folder, please use "firebase projects:create" instead, and return to this command when you've created the project.
[debug] [2020-02-19T10:28:30.650Z] > refreshing access token with scopes: ["email","https://www.googleapis.com/auth/cloud-platform","https://www.googleapis.com/auth/cloudplatformprojects.readonly","https://www.googleapis.com/auth/firebase","openid"]
[debug] [2020-02-19T10:28:30.650Z] >>> HTTP REQUEST POST https://www.googleapis.com/oauth2/v3/token  
 <request body omitted>
[debug] [2020-02-19T10:28:31.125Z] <<< HTTP RESPONSE 200
[debug] [2020-02-19T10:28:31.198Z] >>> HTTP REQUEST POST https://cloudresourcemanager.googleapis.com/v1/projects  

[debug] [2020-02-19T10:28:33.103Z] <<< HTTP RESPONSE 400
[debug] [2020-02-19T10:28:33.103Z] <<< HTTP RESPONSE BODY
[debug] [2020-02-19T10:28:33.106Z] HTTP Error: 400, field [project_id] has issue [project_id contains invalid characters]
[debug] [2020-02-19T10:28:33.514Z] FirebaseError: HTTP Error: 400, field [project_id] has issue [project_id contains invalid characters]
    at module.exports (C:\Users\abdallah\AppData\Roaming\npm\node_modules\firebase-tools\lib\responseToError.js:38:12)
    at Request._callback (C:\Users\abdallah\AppData\Roaming\npm\node_modules\firebase-tools\lib\api.js:39:35)
    at Request.self.callback (C:\Users\abdallah\AppData\Roaming\npm\node_modules\firebase-tools\node_modules\request\request.js:185:22)
    at Request.emit (events.js:223:5)
    at Request.EventEmitter.emit (domain.js:475:20)
    at Request.<anonymous> (C:\Users\abdallah\AppData\Roaming\npm\node_modules\firebase-tools\node_modules\request\request.js:1154:10)
    at Request.emit (events.js:223:5)
    at Request.EventEmitter.emit (domain.js:475:20)
    at IncomingMessage.<anonymous> (C:\Users\abdallah\AppData\Roaming\npm\node_modules\firebase-tools\node_modules\request\request.js:1076:12)
    at Object.onceWrapper (events.js:312:28)
    at IncomingMessage.emit (events.js:228:7)
    at IncomingMessage.EventEmitter.emit (domain.js:475:20)
    at endReadableNT (_stream_readable.js:1185:12)
    at processTicksAndRejections (internal/process/task_queues.js:81:21)
[error] 
[error] Error: Failed to create Google Cloud project. See firebase-debug.log for more info.
